Arguments: 
  C:\Program Files\nodejs\node.exe C:\Program Files (x86)\Yarn\bin\yarn.js -global nodemon

PATH: 
  C:\Program Files\Python37\Scripts\;C:\Program Files\Python37\;C:\windows\system32;C:\windows;C:\windows\System32\Wbem;C:\windows\System32\WindowsPowerShell\v1.0\;C:\windows\System32\OpenSSH\;C:\php7;C:\ProgramData\ComposerSetup\bin;C:\Program Files\Microsoft VS Code\bin;C:\Program Files (x86)\IDEMIA\AWP\Dlls;C:\Program Files\IDEMIA\AWP\Dlls;C:\Program Files\Microsoft SQL Server\130\Tools\Binn\;C:\Program Files\Microsoft SQL Server\Client SDK\ODBC\170\Tools\Binn\;C:\Program Files\Microsoft SQL Server\120\Tools\Binn\;C:\Program Files\Common Files\Autodesk Shared\;C:\Program Files (x86)\Common Files\Netop\;C:\Program Files (x86)\Netop\Vision\XL\;C:\Program Files\dotnet\;C:\Program Files (x86)\IncrediBuild;C:\Program Files\Docker\Docker\resources\bin;C:\ProgramData\DockerDesktop\version-bin;C:\Program Files\Git\cmd;C:\Program Files\nodejs\;C:\Program Files (x86)\Yarn\bin\;C:\Users\meelis.heli\AppData\Local\Microsoft\WindowsApps;C:\Users\meelis.heli\AppData\Local\Yarn\bin

Yarn version: 
  1.23.0-20200615.1913

Node version: 
  16.9.0

Platform: 
  win32 x64

Trace: 
  Invariant Violation: Action must exists
      at invariant (C:\Program Files (x86)\Yarn\lib\cli.js:2314:15)
      at Object.<anonymous> (C:\Program Files (x86)\Yarn\lib\cli.js:61670:9)
      at Generator.next (<anonymous>)
      at step (C:\Program Files (x86)\Yarn\lib\cli.js:310:30)
      at C:\Program Files (x86)\Yarn\lib\cli.js:321:13

npm manifest: 
  {
    "name": "blog_project",
    "version": "1.0.0",
    "description": "",
    "main": "server.js",
    "scripts": {
      "test": "echo \"Error: no test specified\" && exit 1",
      "run":  "",
      "build": ""
    },
    "repository": {
      "type": "git",
      "url": "git+https://github.com/meelis65/blog_project.git"
    },
    "author": "Meelis",
    "license": "GPL-3.0-or-later",
    "bugs": {
      "url": "https://github.com/meelis65/blog_project/issues"
    },
    "homepage": "https://github.com/meelis65/blog_project#readme"
  }

yarn manifest: 
  No manifest

Lockfile: 
  # THIS IS AN AUTOGENERATED FILE. DO NOT EDIT THIS FILE DIRECTLY.
  # yarn lockfile v1
